2020-10-05 14:20:30,175 INFO c.m.b.BeetApplication [restartedMain] Starting BeetApplication on Sachith-PC- with PID 9056 (D:\IdeaProjects_2020\beet\target\classes started by Sachith in D:\IdeaProjects_2020\beet)
2020-10-05 14:20:30,186 INFO c.m.b.BeetApplication [restartedMain] No active profile set, falling back to default profiles: default
2020-10-05 14:20:31,158 INFO o.s.d.r.c.RepositoryConfigurationDelegate [restartedMain] Bootstrapping Spring Data repositories in DEFAULT mode.
2020-10-05 14:20:31,290 INFO o.s.d.r.c.RepositoryConfigurationDelegate [restartedMain] Finished Spring Data repository scanning in 123ms. Found 12 repository interfaces.
2020-10-05 14:20:31,661 INFO o.s.c.s.PostProcessorRegistrationDelegate$BeanPostProcessorChecker [restartedMain] Bean 'org.springframework.transaction.annotation.ProxyTransactionManagementConfiguration' of type [org.springframework.transaction.annotation.ProxyTransactionManagementConfiguration] is not eligible for getting processed by all BeanPostProcessors (for example: not eligible for auto-proxying)
2020-10-05 14:20:32,162 INFO o.a.c.h.Http11NioProtocol [restartedMain] Initializing ProtocolHandler ["http-nio-8092"]
2020-10-05 14:20:32,163 INFO o.a.c.c.StandardService [restartedMain] Starting service [Tomcat]
2020-10-05 14:20:32,164 INFO o.a.c.c.StandardEngine [restartedMain] Starting Servlet engine: [Apache Tomcat/9.0.27]
2020-10-05 14:20:32,303 INFO o.a.c.c.C.[.[.[/] [restartedMain] Initializing Spring embedded WebApplicationContext
2020-10-05 14:20:32,303 INFO o.s.w.c.ContextLoader [restartedMain] Root WebApplicationContext: initialization completed in 2066 ms
2020-10-05 14:20:32,551 INFO o.h.j.i.u.LogHelper [restartedMain] HHH000204: Processing PersistenceUnitInfo [name: default]
2020-10-05 14:20:32,618 INFO o.h.Version [restartedMain] HHH000412: Hibernate Core {5.4.8.Final}
2020-10-05 14:20:32,752 INFO o.h.a.c.Version [restartedMain] HCANN000001: Hibernate Commons Annotations {5.1.0.Final}
2020-10-05 14:20:32,857 INFO c.z.h.HikariDataSource [restartedMain] HikariPool-1 - Starting...
2020-10-05 14:20:32,858 WARN c.z.h.u.DriverDataSource [restartedMain] Registered driver with driverClassName=com.mysql.jdbc.Driver was not found, trying direct instantiation.
2020-10-05 14:20:32,992 INFO c.z.h.HikariDataSource [restartedMain] HikariPool-1 - Start completed.
2020-10-05 14:20:33,010 INFO o.h.d.Dialect [restartedMain] HHH000400: Using dialect: org.hibernate.dialect.MySQL57Dialect
2020-10-05 14:20:34,139 INFO o.h.e.t.j.p.i.JtaPlatformInitiator [restartedMain] HHH000490: Using JtaPlatform implementation: [org.hibernate.engine.transaction.jta.platform.internal.NoJtaPlatform]
2020-10-05 14:20:34,267 INFO o.s.o.j.LocalContainerEntityManagerFactoryBean [restartedMain] Initialized JPA EntityManagerFactory for persistence unit 'default'
2020-10-05 14:20:35,861 INFO o.s.s.c.ThreadPoolTaskExecutor [restartedMain] Initializing ExecutorService 'applicationTaskExecutor'
2020-10-05 14:20:36,456 INFO o.a.c.h.Http11NioProtocol [restartedMain] Starting ProtocolHandler ["http-nio-8092"]
2020-10-05 14:20:36,485 INFO c.m.b.BeetApplication [restartedMain] Started BeetApplication in 6.78 seconds (JVM running for 10.023)
2020-10-05 14:21:07,315 INFO o.a.c.c.C.[.[.[/] [http-nio-8092-exec-2] Initializing Spring DispatcherServlet 'dispatcherServlet'
2020-10-05 14:21:07,316 INFO o.s.w.s.DispatcherServlet [http-nio-8092-exec-2] Initializing Servlet 'dispatcherServlet'
2020-10-05 14:21:07,368 INFO o.s.w.s.DispatcherServlet [http-nio-8092-exec-2] Completed initialization in 52 ms
2020-10-05 14:21:07,554 INFO c.m.b.s.TransactionServiceImpl [http-nio-8092-exec-2] Transaction type: 2 ----- acc no: 1000000588606754,1000000522214053------ description: Mobile Top Up
2020-10-06 11:36:49,817 INFO c.m.b.BeetApplication [restartedMain] Starting BeetApplication on Sachith-PC- with PID 3344 (D:\IdeaProjects_2020\beet\target\classes started by Sachith in D:\IdeaProjects_2020\beet)
2020-10-06 11:36:49,841 INFO c.m.b.BeetApplication [restartedMain] No active profile set, falling back to default profiles: default
2020-10-06 11:36:52,426 INFO o.s.d.r.c.RepositoryConfigurationDelegate [restartedMain] Bootstrapping Spring Data repositories in DEFAULT mode.
2020-10-06 11:36:52,775 INFO o.s.d.r.c.RepositoryConfigurationDelegate [restartedMain] Finished Spring Data repository scanning in 334ms. Found 12 repository interfaces.
2020-10-06 11:36:53,411 INFO o.s.c.s.PostProcessorRegistrationDelegate$BeanPostProcessorChecker [restartedMain] Bean 'org.springframework.transaction.annotation.ProxyTransactionManagementConfiguration' of type [org.springframework.transaction.annotation.ProxyTransactionManagementConfiguration] is not eligible for getting processed by all BeanPostProcessors (for example: not eligible for auto-proxying)
2020-10-06 11:36:54,144 INFO o.a.c.h.Http11NioProtocol [restartedMain] Initializing ProtocolHandler ["http-nio-8092"]
2020-10-06 11:36:54,145 INFO o.a.c.c.StandardService [restartedMain] Starting service [Tomcat]
2020-10-06 11:36:54,146 INFO o.a.c.c.StandardEngine [restartedMain] Starting Servlet engine: [Apache Tomcat/9.0.27]
2020-10-06 11:36:54,304 INFO o.a.c.c.C.[.[.[/] [restartedMain] Initializing Spring embedded WebApplicationContext
2020-10-06 11:36:54,304 INFO o.s.w.c.ContextLoader [restartedMain] Root WebApplicationContext: initialization completed in 4374 ms
2020-10-06 11:36:54,800 INFO o.h.j.i.u.LogHelper [restartedMain] HHH000204: Processing PersistenceUnitInfo [name: default]
2020-10-06 11:36:54,998 INFO o.h.Version [restartedMain] HHH000412: Hibernate Core {5.4.8.Final}
2020-10-06 11:36:55,337 INFO o.h.a.c.Version [restartedMain] HCANN000001: Hibernate Commons Annotations {5.1.0.Final}
2020-10-06 11:36:55,574 INFO c.z.h.HikariDataSource [restartedMain] HikariPool-1 - Starting...
2020-10-06 11:36:55,576 WARN c.z.h.u.DriverDataSource [restartedMain] Registered driver with driverClassName=com.mysql.jdbc.Driver was not found, trying direct instantiation.
2020-10-06 11:36:55,795 INFO c.z.h.HikariDataSource [restartedMain] HikariPool-1 - Start completed.
2020-10-06 11:36:55,874 INFO o.h.d.Dialect [restartedMain] HHH000400: Using dialect: org.hibernate.dialect.MySQL57Dialect
2020-10-06 11:36:57,549 INFO o.h.e.t.j.p.i.JtaPlatformInitiator [restartedMain] HHH000490: Using JtaPlatform implementation: [org.hibernate.engine.transaction.jta.platform.internal.NoJtaPlatform]
2020-10-06 11:36:57,781 INFO o.s.o.j.LocalContainerEntityManagerFactoryBean [restartedMain] Initialized JPA EntityManagerFactory for persistence unit 'default'
2020-10-06 11:37:00,267 INFO o.s.s.c.ThreadPoolTaskExecutor [restartedMain] Initializing ExecutorService 'applicationTaskExecutor'
2020-10-06 11:37:01,184 INFO o.a.c.h.Http11NioProtocol [restartedMain] Starting ProtocolHandler ["http-nio-8092"]
2020-10-06 11:37:01,220 INFO c.m.b.BeetApplication [restartedMain] Started BeetApplication in 12.437 seconds (JVM running for 18.523)
2020-10-06 11:41:05,954 INFO o.a.c.c.C.[.[.[/] [http-nio-8092-exec-10] Initializing Spring DispatcherServlet 'dispatcherServlet'
2020-10-06 11:41:05,954 INFO o.s.w.s.DispatcherServlet [http-nio-8092-exec-10] Initializing Servlet 'dispatcherServlet'
2020-10-06 11:41:06,006 INFO o.s.w.s.DispatcherServlet [http-nio-8092-exec-10] Completed initialization in 52 ms
2020-10-06 11:41:06,288 INFO c.m.b.s.TransactionServiceImpl [http-nio-8092-exec-10] Transaction type: 2 ----- acc no: 1000000588606754,1000000522214053------ description: Mobile Top Up
2020-10-06 11:45:26,576 INFO c.m.b.s.TransactionServiceImpl [http-nio-8092-exec-6] Transaction type: 2 ----- acc no: 1000000588606754,1000000522214053------ description: Mobile Top Up
2020-10-06 11:45:50,767 INFO c.m.b.BeetApplication [restartedMain] Starting BeetApplication on Sachith-PC- with PID 4920 (D:\IdeaProjects_2020\beet\target\classes started by Sachith in D:\IdeaProjects_2020\beet)
2020-10-06 11:45:50,788 INFO c.m.b.BeetApplication [restartedMain] No active profile set, falling back to default profiles: default
2020-10-06 11:45:52,391 INFO o.s.d.r.c.RepositoryConfigurationDelegate [restartedMain] Bootstrapping Spring Data repositories in DEFAULT mode.
2020-10-06 11:45:52,528 INFO o.s.d.r.c.RepositoryConfigurationDelegate [restartedMain] Finished Spring Data repository scanning in 127ms. Found 12 repository interfaces.
2020-10-06 11:45:53,053 INFO o.s.c.s.PostProcessorRegistrationDelegate$BeanPostProcessorChecker [restartedMain] Bean 'org.springframework.transaction.annotation.ProxyTransactionManagementConfiguration' of type [org.springframework.transaction.annotation.ProxyTransactionManagementConfiguration] is not eligible for getting processed by all BeanPostProcessors (for example: not eligible for auto-proxying)
2020-10-06 11:45:53,693 INFO o.a.c.h.Http11NioProtocol [restartedMain] Initializing ProtocolHandler ["http-nio-8092"]
2020-10-06 11:45:53,694 INFO o.a.c.c.StandardService [restartedMain] Starting service [Tomcat]
2020-10-06 11:45:53,696 INFO o.a.c.c.StandardEngine [restartedMain] Starting Servlet engine: [Apache Tomcat/9.0.27]
2020-10-06 11:45:53,822 INFO o.a.c.c.C.[.[.[/] [restartedMain] Initializing Spring embedded WebApplicationContext
2020-10-06 11:45:53,822 INFO o.s.w.c.ContextLoader [restartedMain] Root WebApplicationContext: initialization completed in 2943 ms
2020-10-06 11:45:54,218 INFO o.h.j.i.u.LogHelper [restartedMain] HHH000204: Processing PersistenceUnitInfo [name: default]
2020-10-06 11:45:54,282 INFO o.h.Version [restartedMain] HHH000412: Hibernate Core {5.4.8.Final}
2020-10-06 11:45:54,404 INFO o.h.a.c.Version [restartedMain] HCANN000001: Hibernate Commons Annotations {5.1.0.Final}
2020-10-06 11:45:54,554 INFO c.z.h.HikariDataSource [restartedMain] HikariPool-1 - Starting...
2020-10-06 11:45:54,557 WARN c.z.h.u.DriverDataSource [restartedMain] Registered driver with driverClassName=com.mysql.jdbc.Driver was not found, trying direct instantiation.
2020-10-06 11:45:54,766 INFO c.z.h.HikariDataSource [restartedMain] HikariPool-1 - Start completed.
2020-10-06 11:45:54,785 INFO o.h.d.Dialect [restartedMain] HHH000400: Using dialect: org.hibernate.dialect.MySQL57Dialect
2020-10-06 11:45:56,239 INFO o.h.e.t.j.p.i.JtaPlatformInitiator [restartedMain] HHH000490: Using JtaPlatform implementation: [org.hibernate.engine.transaction.jta.platform.internal.NoJtaPlatform]
2020-10-06 11:45:56,376 INFO o.s.o.j.LocalContainerEntityManagerFactoryBean [restartedMain] Initialized JPA EntityManagerFactory for persistence unit 'default'
2020-10-06 11:45:58,921 INFO o.s.s.c.ThreadPoolTaskExecutor [restartedMain] Initializing ExecutorService 'applicationTaskExecutor'
2020-10-06 11:45:59,621 INFO o.a.c.h.Http11NioProtocol [restartedMain] Starting ProtocolHandler ["http-nio-8092"]
2020-10-06 11:45:59,650 INFO c.m.b.BeetApplication [restartedMain] Started BeetApplication in 9.567 seconds (JVM running for 14.843)
2020-10-06 11:46:05,421 INFO o.a.c.c.C.[.[.[/] [http-nio-8092-exec-1] Initializing Spring DispatcherServlet 'dispatcherServlet'
2020-10-06 11:46:05,421 INFO o.s.w.s.DispatcherServlet [http-nio-8092-exec-1] Initializing Servlet 'dispatcherServlet'
2020-10-06 11:46:05,489 INFO o.s.w.s.DispatcherServlet [http-nio-8092-exec-1] Completed initialization in 68 ms
2020-10-06 11:46:05,774 INFO c.m.b.s.TransactionServiceImpl [http-nio-8092-exec-1] Transaction type: 2 ----- acc no: 1000000588606754,1000000522214053------ description: Mobile Top Up
2020-10-07 09:51:37,841 INFO c.m.b.BeetApplication [restartedMain] Starting BeetApplication on Sachith-PC- with PID 16640 (D:\IdeaProjects_2020\beet\target\classes started by Sachith in D:\IdeaProjects_2020\beet)
2020-10-07 09:51:37,854 INFO c.m.b.BeetApplication [restartedMain] No active profile set, falling back to default profiles: default
2020-10-07 09:51:39,351 INFO o.s.d.r.c.RepositoryConfigurationDelegate [restartedMain] Bootstrapping Spring Data repositories in DEFAULT mode.
2020-10-07 09:51:39,494 INFO o.s.d.r.c.RepositoryConfigurationDelegate [restartedMain] Finished Spring Data repository scanning in 130ms. Found 12 repository interfaces.
2020-10-07 09:51:40,061 INFO o.s.c.s.PostProcessorRegistrationDelegate$BeanPostProcessorChecker [restartedMain] Bean 'org.springframework.transaction.annotation.ProxyTransactionManagementConfiguration' of type [org.springframework.transaction.annotation.ProxyTransactionManagementConfiguration] is not eligible for getting processed by all BeanPostProcessors (for example: not eligible for auto-proxying)
2020-10-07 09:51:40,590 INFO o.a.c.h.Http11NioProtocol [restartedMain] Initializing ProtocolHandler ["http-nio-8092"]
2020-10-07 09:51:40,591 INFO o.a.c.c.StandardService [restartedMain] Starting service [Tomcat]
2020-10-07 09:51:40,592 INFO o.a.c.c.StandardEngine [restartedMain] Starting Servlet engine: [Apache Tomcat/9.0.27]
2020-10-07 09:51:40,728 INFO o.a.c.c.C.[.[.[/] [restartedMain] Initializing Spring embedded WebApplicationContext
2020-10-07 09:51:40,728 INFO o.s.w.c.ContextLoader [restartedMain] Root WebApplicationContext: initialization completed in 2809 ms
2020-10-07 09:51:41,121 INFO o.h.j.i.u.LogHelper [restartedMain] HHH000204: Processing PersistenceUnitInfo [name: default]
2020-10-07 09:51:41,358 INFO o.h.Version [restartedMain] HHH000412: Hibernate Core {5.4.8.Final}
2020-10-07 09:51:41,698 INFO o.h.a.c.Version [restartedMain] HCANN000001: Hibernate Commons Annotations {5.1.0.Final}
2020-10-07 09:51:41,880 INFO c.z.h.HikariDataSource [restartedMain] HikariPool-1 - Starting...
2020-10-07 09:51:41,882 WARN c.z.h.u.DriverDataSource [restartedMain] Registered driver with driverClassName=com.mysql.jdbc.Driver was not found, trying direct instantiation.
2020-10-07 09:51:42,193 INFO c.z.h.HikariDataSource [restartedMain] HikariPool-1 - Start completed.
2020-10-07 09:51:42,240 INFO o.h.d.Dialect [restartedMain] HHH000400: Using dialect: org.hibernate.dialect.MySQL57Dialect
2020-10-07 09:51:44,464 INFO o.h.e.t.j.p.i.JtaPlatformInitiator [restartedMain] HHH000490: Using JtaPlatform implementation: [org.hibernate.engine.transaction.jta.platform.internal.NoJtaPlatform]
2020-10-07 09:51:44,712 INFO o.s.o.j.LocalContainerEntityManagerFactoryBean [restartedMain] Initialized JPA EntityManagerFactory for persistence unit 'default'
2020-10-07 09:51:46,739 INFO o.s.s.c.ThreadPoolTaskExecutor [restartedMain] Initializing ExecutorService 'applicationTaskExecutor'
2020-10-07 09:51:47,322 INFO o.a.c.h.Http11NioProtocol [restartedMain] Starting ProtocolHandler ["http-nio-8092"]
2020-10-07 09:51:47,353 INFO c.m.b.BeetApplication [restartedMain] Started BeetApplication in 10.336 seconds (JVM running for 16.128)
2020-10-07 09:54:18,459 INFO o.a.c.c.C.[.[.[/] [http-nio-8092-exec-1] Initializing Spring DispatcherServlet 'dispatcherServlet'
2020-10-07 09:54:18,459 INFO o.s.w.s.DispatcherServlet [http-nio-8092-exec-1] Initializing Servlet 'dispatcherServlet'
2020-10-07 09:54:18,489 INFO o.s.w.s.DispatcherServlet [http-nio-8092-exec-1] Completed initialization in 30 ms
2020-10-07 11:35:13,389 INFO c.m.b.s.TransactionServiceImpl [http-nio-8092-exec-8] Transaction type: 2 ----- acc no: 1000000588606754,1000000522214053------ description: Mobile Top Up
2020-10-08 10:56:14,413 INFO c.m.b.BeetApplication [restartedMain] Starting BeetApplication on Sachith-PC- with PID 3592 (D:\IdeaProjects_2020\beet\beet\target\classes started by Sachith in D:\IdeaProjects_2020\beet\beet)
2020-10-08 10:56:14,515 INFO c.m.b.BeetApplication [restartedMain] No active profile set, falling back to default profiles: default
2020-10-08 10:56:18,592 INFO o.s.d.r.c.RepositoryConfigurationDelegate [restartedMain] Bootstrapping Spring Data repositories in DEFAULT mode.
2020-10-08 10:56:18,775 INFO o.s.d.r.c.RepositoryConfigurationDelegate [restartedMain] Finished Spring Data repository scanning in 169ms. Found 12 repository interfaces.
2020-10-08 10:56:19,283 INFO o.s.c.s.PostProcessorRegistrationDelegate$BeanPostProcessorChecker [restartedMain] Bean 'org.springframework.transaction.annotation.ProxyTransactionManagementConfiguration' of type [org.springframework.transaction.annotation.ProxyTransactionManagementConfiguration] is not eligible for getting processed by all BeanPostProcessors (for example: not eligible for auto-proxying)
2020-10-08 10:56:20,181 INFO o.a.c.h.Http11NioProtocol [restartedMain] Initializing ProtocolHandler ["http-nio-8092"]
2020-10-08 10:56:20,218 INFO o.a.c.c.StandardService [restartedMain] Starting service [Tomcat]
2020-10-08 10:56:20,219 INFO o.a.c.c.StandardEngine [restartedMain] Starting Servlet engine: [Apache Tomcat/9.0.27]
2020-10-08 10:56:20,378 INFO o.a.c.c.C.[.[.[/] [restartedMain] Initializing Spring embedded WebApplicationContext
2020-10-08 10:56:20,378 INFO o.s.w.c.ContextLoader [restartedMain] Root WebApplicationContext: initialization completed in 5765 ms
2020-10-08 10:56:20,808 INFO o.h.j.i.u.LogHelper [restartedMain] HHH000204: Processing PersistenceUnitInfo [name: default]
2020-10-08 10:56:20,995 INFO o.h.Version [restartedMain] HHH000412: Hibernate Core {5.4.8.Final}
2020-10-08 10:56:21,298 INFO o.h.a.c.Version [restartedMain] HCANN000001: Hibernate Commons Annotations {5.1.0.Final}
2020-10-08 10:56:21,547 INFO c.z.h.HikariDataSource [restartedMain] HikariPool-1 - Starting...
2020-10-08 10:56:21,549 WARN c.z.h.u.DriverDataSource [restartedMain] Registered driver with driverClassName=com.mysql.jdbc.Driver was not found, trying direct instantiation.
2020-10-08 10:56:21,988 INFO c.z.h.HikariDataSource [restartedMain] HikariPool-1 - Start completed.
2020-10-08 10:56:22,044 INFO o.h.d.Dialect [restartedMain] HHH000400: Using dialect: org.hibernate.dialect.MySQL57Dialect
2020-10-08 10:56:26,097 INFO o.h.e.t.j.p.i.JtaPlatformInitiator [restartedMain] HHH000490: Using JtaPlatform implementation: [org.hibernate.engine.transaction.jta.platform.internal.NoJtaPlatform]
2020-10-08 10:56:26,354 INFO o.s.o.j.LocalContainerEntityManagerFactoryBean [restartedMain] Initialized JPA EntityManagerFactory for persistence unit 'default'
2020-10-08 10:56:28,427 INFO o.s.s.c.ThreadPoolTaskExecutor [restartedMain] Initializing ExecutorService 'applicationTaskExecutor'
2020-10-08 10:56:29,137 INFO o.a.c.h.Http11NioProtocol [restartedMain] Starting ProtocolHandler ["http-nio-8092"]
2020-10-08 10:56:29,177 INFO c.m.b.BeetApplication [restartedMain] Started BeetApplication in 15.547 seconds (JVM running for 20.269)
2020-10-08 10:57:10,737 INFO o.a.c.c.C.[.[.[/] [http-nio-8092-exec-1] Initializing Spring DispatcherServlet 'dispatcherServlet'
2020-10-08 10:57:10,737 INFO o.s.w.s.DispatcherServlet [http-nio-8092-exec-1] Initializing Servlet 'dispatcherServlet'
2020-10-08 10:57:10,777 INFO o.s.w.s.DispatcherServlet [http-nio-8092-exec-1] Completed initialization in 39 ms
2020-10-08 10:57:11,089 INFO c.m.b.s.TransactionServiceImpl [http-nio-8092-exec-1] Transaction type: 2 ----- acc no: 1000000588606754,1000000522214053------ description: Mobile Top Up
2020-10-08 11:03:39,708 INFO c.m.b.BeetApplication [restartedMain] Starting BeetApplication on Sachith-PC- with PID 12704 (D:\IdeaProjects_2020\beet\beet\target\classes started by Sachith in D:\IdeaProjects_2020\beet\beet)
2020-10-08 11:03:39,723 INFO c.m.b.BeetApplication [restartedMain] No active profile set, falling back to default profiles: default
2020-10-08 11:03:40,713 INFO o.s.d.r.c.RepositoryConfigurationDelegate [restartedMain] Bootstrapping Spring Data repositories in DEFAULT mode.
2020-10-08 11:03:40,892 INFO o.s.d.r.c.RepositoryConfigurationDelegate [restartedMain] Finished Spring Data repository scanning in 169ms. Found 12 repository interfaces.
2020-10-08 11:03:41,314 INFO o.s.c.s.PostProcessorRegistrationDelegate$BeanPostProcessorChecker [restartedMain] Bean 'org.springframework.transaction.annotation.ProxyTransactionManagementConfiguration' of type [org.springframework.transaction.annotation.ProxyTransactionManagementConfiguration] is not eligible for getting processed by all BeanPostProcessors (for example: not eligible for auto-proxying)
2020-10-08 11:03:41,827 INFO o.a.c.h.Http11NioProtocol [restartedMain] Initializing ProtocolHandler ["http-nio-8092"]
2020-10-08 11:03:41,828 INFO o.a.c.c.StandardService [restartedMain] Starting service [Tomcat]
2020-10-08 11:03:41,829 INFO o.a.c.c.StandardEngine [restartedMain] Starting Servlet engine: [Apache Tomcat/9.0.27]
2020-10-08 11:03:41,968 INFO o.a.c.c.C.[.[.[/] [restartedMain] Initializing Spring embedded WebApplicationContext
2020-10-08 11:03:41,969 INFO o.s.w.c.ContextLoader [restartedMain] Root WebApplicationContext: initialization completed in 2183 ms
2020-10-08 11:03:42,222 INFO o.h.j.i.u.LogHelper [restartedMain] HHH000204: Processing PersistenceUnitInfo [name: default]
2020-10-08 11:03:42,299 INFO o.h.Version [restartedMain] HHH000412: Hibernate Core {5.4.8.Final}
2020-10-08 11:03:42,498 INFO o.h.a.c.Version [restartedMain] HCANN000001: Hibernate Commons Annotations {5.1.0.Final}
2020-10-08 11:03:42,675 INFO c.z.h.HikariDataSource [restartedMain] HikariPool-1 - Starting...
2020-10-08 11:03:42,678 WARN c.z.h.u.DriverDataSource [restartedMain] Registered driver with driverClassName=com.mysql.jdbc.Driver was not found, trying direct instantiation.
2020-10-08 11:03:42,847 INFO c.z.h.HikariDataSource [restartedMain] HikariPool-1 - Start completed.
2020-10-08 11:03:42,919 INFO o.h.d.Dialect [restartedMain] HHH000400: Using dialect: org.hibernate.dialect.MySQL57Dialect
2020-10-08 11:03:44,443 INFO o.h.e.t.j.p.i.JtaPlatformInitiator [restartedMain] HHH000490: Using JtaPlatform implementation: [org.hibernate.engine.transaction.jta.platform.internal.NoJtaPlatform]
2020-10-08 11:03:44,623 INFO o.s.o.j.LocalContainerEntityManagerFactoryBean [restartedMain] Initialized JPA EntityManagerFactory for persistence unit 'default'
2020-10-08 11:03:47,232 INFO o.s.s.c.ThreadPoolTaskExecutor [restartedMain] Initializing ExecutorService 'applicationTaskExecutor'
2020-10-08 11:03:47,817 INFO o.a.c.h.Http11NioProtocol [restartedMain] Starting ProtocolHandler ["http-nio-8092"]
2020-10-08 11:03:47,846 INFO c.m.b.BeetApplication [restartedMain] Started BeetApplication in 8.63 seconds (JVM running for 12.293)
2020-10-08 11:04:53,890 INFO o.a.c.c.C.[.[.[/] [http-nio-8092-exec-2] Initializing Spring DispatcherServlet 'dispatcherServlet'
2020-10-08 11:04:53,890 INFO o.s.w.s.DispatcherServlet [http-nio-8092-exec-2] Initializing Servlet 'dispatcherServlet'
2020-10-08 11:04:53,928 INFO o.s.w.s.DispatcherServlet [http-nio-8092-exec-2] Completed initialization in 37 ms
2020-10-08 11:04:54,124 INFO c.m.b.s.TransactionServiceImpl [http-nio-8092-exec-2] Transaction type: 2 ----- acc no: 1000000588606754,1000000522214053------ description: Mobile Top Up
2020-10-08 11:04:54,170 ERROR o.a.c.c.C.[.[.[.[dispatcherServlet] [http-nio-8092-exec-2] Servlet.service() for servlet [dispatcherServlet] in context with path [] threw exception [Request processing failed; nested exception is java.lang.IllegalArgumentException: Expected scheme-specific part at index 10: localhost:] with root cause
java.net.URISyntaxException: Expected scheme-specific part at index 10: localhost:
	at java.net.URI$Parser.fail(URI.java:2848) ~[?:1.8.0_73]
	at java.net.URI$Parser.failExpecting(URI.java:2854) ~[?:1.8.0_73]
	at java.net.URI$Parser.parse(URI.java:3057) ~[?:1.8.0_73]
	at java.net.URI.<init>(URI.java:588) ~[?:1.8.0_73]
	at java.net.URI.create(URI.java:850) ~[?:1.8.0_73]
	at org.springframework.web.util.DefaultUriBuilderFactory$DefaultUriBuilder.createUri(DefaultUriBuilderFactory.java:400) ~[spring-web-5.2.1.RELEASE.jar:5.2.1.RELEASE]
	at org.springframework.web.util.DefaultUriBuilderFactory$DefaultUriBuilder.build(DefaultUriBuilderFactory.java:393) ~[spring-web-5.2.1.RELEASE.jar:5.2.1.RELEASE]
	at org.springframework.web.util.DefaultUriBuilderFactory.expand(DefaultUriBuilderFactory.java:205) ~[spring-web-5.2.1.RELEASE.jar:5.2.1.RELEASE]
	at org.springframework.web.client.RestTemplate.execute(RestTemplate.java:676) ~[spring-web-5.2.1.RELEASE.jar:5.2.1.RELEASE]
	at org.springframework.web.client.RestTemplate.exchange(RestTemplate.java:586) ~[spring-web-5.2.1.RELEASE.jar:5.2.1.RELEASE]
	at com.mobios.beet.serviceImpl.TransactionServiceImpl.SaveTransaction(TransactionServiceImpl.java:129) ~[classes/:?]
	at com.mobios.beet.controller.TransactionController.saveNewTransaction(TransactionController.java:80) ~[classes/:?]
	at sun.reflect.NativeMethodAccessorImpl.invoke0(Native Method) ~[?:1.8.0_73]
	at sun.reflect.NativeMethodAccessorImpl.invoke(NativeMethodAccessorImpl.java:62) ~[?:1.8.0_73]
	at sun.reflect.DelegatingMethodAccessorImpl.invoke(DelegatingMethodAccessorImpl.java:43) ~[?:1.8.0_73]
	at java.lang.reflect.Method.invoke(Method.java:497) ~[?:1.8.0_73]
	at org.springframework.web.method.support.InvocableHandlerMethod.doInvoke(InvocableHandlerMethod.java:190) ~[spring-web-5.2.1.RELEASE.jar:5.2.1.RELEASE]
	at org.springframework.web.method.support.InvocableHandlerMethod.invokeForRequest(InvocableHandlerMethod.java:138) ~[spring-web-5.2.1.RELEASE.jar:5.2.1.RELEASE]
	at org.springframework.web.servlet.mvc.method.annotation.ServletInvocableHandlerMethod.invokeAndHandle(ServletInvocableHandlerMethod.java:106) ~[spring-webmvc-5.2.1.RELEASE.jar:5.2.1.RELEASE]
	at org.springframework.web.servlet.mvc.method.annotation.RequestMappingHandlerAdapter.invokeHandlerMethod(RequestMappingHandlerAdapter.java:888) ~[spring-webmvc-5.2.1.RELEASE.jar:5.2.1.RELEASE]
	at org.springframework.web.servlet.mvc.method.annotation.RequestMappingHandlerAdapter.handleInternal(RequestMappingHandlerAdapter.java:793) ~[spring-webmvc-5.2.1.RELEASE.jar:5.2.1.RELEASE]
	at org.springframework.web.servlet.mvc.method.AbstractHandlerMethodAdapter.handle(AbstractHandlerMethodAdapter.java:87) ~[spring-webmvc-5.2.1.RELEASE.jar:5.2.1.RELEASE]
	at org.springframework.web.servlet.DispatcherServlet.doDispatch(DispatcherServlet.java:1040) ~[spring-webmvc-5.2.1.RELEASE.jar:5.2.1.RELEASE]
	at org.springframework.web.servlet.DispatcherServlet.doService(DispatcherServlet.java:943) ~[spring-webmvc-5.2.1.RELEASE.jar:5.2.1.RELEASE]
	at org.springframework.web.servlet.FrameworkServlet.processRequest(FrameworkServlet.java:1006) ~[spring-webmvc-5.2.1.RELEASE.jar:5.2.1.RELEASE]
	at org.springframework.web.servlet.FrameworkServlet.doPost(FrameworkServlet.java:909) ~[spring-webmvc-5.2.1.RELEASE.jar:5.2.1.RELEASE]
	at javax.servlet.http.HttpServlet.service(HttpServlet.java:660) ~[tomcat-embed-core-9.0.27.jar:9.0.27]
	at org.springframework.web.servlet.FrameworkServlet.service(FrameworkServlet.java:883) ~[spring-webmvc-5.2.1.RELEASE.jar:5.2.1.RELEASE]
	at javax.servlet.http.HttpServlet.service(HttpServlet.java:741) ~[tomcat-embed-core-9.0.27.jar:9.0.27]
	at org.apache.catalina.core.ApplicationFilterChain.internalDoFilter(ApplicationFilterChain.java:231) ~[tomcat-embed-core-9.0.27.jar:9.0.27]
	at org.apache.catalina.core.ApplicationFilterChain.doFilter(ApplicationFilterChain.java:166) ~[tomcat-embed-core-9.0.27.jar:9.0.27]
	at org.apache.tomcat.websocket.server.WsFilter.doFilter(WsFilter.java:53) ~[tomcat-embed-websocket-9.0.27.jar:9.0.27]
	at org.apache.catalina.core.ApplicationFilterChain.internalDoFilter(ApplicationFilterChain.java:193) ~[tomcat-embed-core-9.0.27.jar:9.0.27]
	at org.apache.catalina.core.ApplicationFilterChain.doFilter(ApplicationFilterChain.java:166) ~[tomcat-embed-core-9.0.27.jar:9.0.27]
	at org.springframework.web.filter.RequestContextFilter.doFilterInternal(RequestContextFilter.java:100) ~[spring-web-5.2.1.RELEASE.jar:5.2.1.RELEASE]
	at org.springframework.web.filter.OncePerRequestFilter.doFilter(OncePerRequestFilter.java:119) ~[spring-web-5.2.1.RELEASE.jar:5.2.1.RELEASE]
	at org.apache.catalina.core.ApplicationFilterChain.internalDoFilter(ApplicationFilterChain.java:193) ~[tomcat-embed-core-9.0.27.jar:9.0.27]
	at org.apache.catalina.core.ApplicationFilterChain.doFilter(ApplicationFilterChain.java:166) ~[tomcat-embed-core-9.0.27.jar:9.0.27]
	at org.springframework.web.filter.FormContentFilter.doFilterInternal(FormContentFilter.java:93) ~[spring-web-5.2.1.RELEASE.jar:5.2.1.RELEASE]
	at org.springframework.web.filter.OncePerRequestFilter.doFilter(OncePerRequestFilter.java:119) ~[spring-web-5.2.1.RELEASE.jar:5.2.1.RELEASE]
	at org.apache.catalina.core.ApplicationFilterChain.internalDoFilter(ApplicationFilterChain.java:193) ~[tomcat-embed-core-9.0.27.jar:9.0.27]
	at org.apache.catalina.core.ApplicationFilterChain.doFilter(ApplicationFilterChain.java:166) ~[tomcat-embed-core-9.0.27.jar:9.0.27]
	at org.springframework.web.filter.CharacterEncodingFilter.doFilterInternal(CharacterEncodingFilter.java:201) ~[spring-web-5.2.1.RELEASE.jar:5.2.1.RELEASE]
	at org.springframework.web.filter.OncePerRequestFilter.doFilter(OncePerRequestFilter.java:119) ~[spring-web-5.2.1.RELEASE.jar:5.2.1.RELEASE]
	at org.apache.catalina.core.ApplicationFilterChain.internalDoFilter(ApplicationFilterChain.java:193) ~[tomcat-embed-core-9.0.27.jar:9.0.27]
	at org.apache.catalina.core.ApplicationFilterChain.doFilter(ApplicationFilterChain.java:166) ~[tomcat-embed-core-9.0.27.jar:9.0.27]
	at org.apache.catalina.core.StandardWrapperValve.invoke(StandardWrapperValve.java:202) [tomcat-embed-core-9.0.27.jar:9.0.27]
	at org.apache.catalina.core.StandardContextValve.invoke(StandardContextValve.java:96) [tomcat-embed-core-9.0.27.jar:9.0.27]
	at org.apache.catalina.authenticator.AuthenticatorBase.invoke(AuthenticatorBase.java:526) [tomcat-embed-core-9.0.27.jar:9.0.27]
	at org.apache.catalina.core.StandardHostValve.invoke(StandardHostValve.java:139) [tomcat-embed-core-9.0.27.jar:9.0.27]
	at org.apache.catalina.valves.ErrorReportValve.invoke(ErrorReportValve.java:92) [tomcat-embed-core-9.0.27.jar:9.0.27]
	at org.apache.catalina.core.StandardEngineValve.invoke(StandardEngineValve.java:74) [tomcat-embed-core-9.0.27.jar:9.0.27]
	at org.apache.catalina.connector.CoyoteAdapter.service(CoyoteAdapter.java:343) [tomcat-embed-core-9.0.27.jar:9.0.27]
	at org.apache.coyote.http11.Http11Processor.service(Http11Processor.java:408) [tomcat-embed-core-9.0.27.jar:9.0.27]
	at org.apache.coyote.AbstractProcessorLight.process(AbstractProcessorLight.java:66) [tomcat-embed-core-9.0.27.jar:9.0.27]
	at org.apache.coyote.AbstractProtocol$ConnectionHandler.process(AbstractProtocol.java:861) [tomcat-embed-core-9.0.27.jar:9.0.27]
	at org.apache.tomcat.util.net.NioEndpoint$SocketProcessor.doRun(NioEndpoint.java:1579) [tomcat-embed-core-9.0.27.jar:9.0.27]
	at org.apache.tomcat.util.net.SocketProcessorBase.run(SocketProcessorBase.java:49) [tomcat-embed-core-9.0.27.jar:9.0.27]
	at java.util.concurrent.ThreadPoolExecutor.runWorker(ThreadPoolExecutor.java:1142) [?:1.8.0_73]
	at java.util.concurrent.ThreadPoolExecutor$Worker.run(ThreadPoolExecutor.java:617) [?:1.8.0_73]
	at org.apache.tomcat.util.threads.TaskThread$WrappingRunnable.run(TaskThread.java:61) [tomcat-embed-core-9.0.27.jar:9.0.27]
	at java.lang.Thread.run(Thread.java:745) [?:1.8.0_73]
2020-10-08 11:08:07,412 INFO c.m.b.BeetApplication [restartedMain] Starting BeetApplication on Sachith-PC- with PID 15144 (D:\IdeaProjects_2020\beet\beet\target\classes started by Sachith in D:\IdeaProjects_2020\beet\beet)
2020-10-08 11:08:07,425 INFO c.m.b.BeetApplication [restartedMain] No active profile set, falling back to default profiles: default
2020-10-08 11:08:08,764 INFO o.s.d.r.c.RepositoryConfigurationDelegate [restartedMain] Bootstrapping Spring Data repositories in DEFAULT mode.
2020-10-08 11:08:08,949 INFO o.s.d.r.c.RepositoryConfigurationDelegate [restartedMain] Finished Spring Data repository scanning in 170ms. Found 12 repository interfaces.
2020-10-08 11:08:09,482 INFO o.s.c.s.PostProcessorRegistrationDelegate$BeanPostProcessorChecker [restartedMain] Bean 'org.springframework.transaction.annotation.ProxyTransactionManagementConfiguration' of type [org.springframework.transaction.annotation.ProxyTransactionManagementConfiguration] is not eligible for getting processed by all BeanPostProcessors (for example: not eligible for auto-proxying)
2020-10-08 11:08:10,114 INFO o.a.c.h.Http11NioProtocol [restartedMain] Initializing ProtocolHandler ["http-nio-8092"]
2020-10-08 11:08:10,116 INFO o.a.c.c.StandardService [restartedMain] Starting service [Tomcat]
2020-10-08 11:08:10,117 INFO o.a.c.c.StandardEngine [restartedMain] Starting Servlet engine: [Apache Tomcat/9.0.27]
2020-10-08 11:08:10,304 INFO o.a.c.c.C.[.[.[/] [restartedMain] Initializing Spring embedded WebApplicationContext
2020-10-08 11:08:10,305 INFO o.s.w.c.ContextLoader [restartedMain] Root WebApplicationContext: initialization completed in 2821 ms
2020-10-08 11:08:10,609 INFO o.h.j.i.u.LogHelper [restartedMain] HHH000204: Processing PersistenceUnitInfo [name: default]
2020-10-08 11:08:10,705 INFO o.h.Version [restartedMain] HHH000412: Hibernate Core {5.4.8.Final}
2020-10-08 11:08:10,882 INFO o.h.a.c.Version [restartedMain] HCANN000001: Hibernate Commons Annotations {5.1.0.Final}
2020-10-08 11:08:11,050 INFO c.z.h.HikariDataSource [restartedMain] HikariPool-1 - Starting...
2020-10-08 11:08:11,053 WARN c.z.h.u.DriverDataSource [restartedMain] Registered driver with driverClassName=com.mysql.jdbc.Driver was not found, trying direct instantiation.
2020-10-08 11:08:11,221 INFO c.z.h.HikariDataSource [restartedMain] HikariPool-1 - Start completed.
2020-10-08 11:08:11,249 INFO o.h.d.Dialect [restartedMain] HHH000400: Using dialect: org.hibernate.dialect.MySQL57Dialect
2020-10-08 11:08:12,531 INFO o.h.e.t.j.p.i.JtaPlatformInitiator [restartedMain] HHH000490: Using JtaPlatform implementation: [org.hibernate.engine.transaction.jta.platform.internal.NoJtaPlatform]
2020-10-08 11:08:12,700 INFO o.s.o.j.LocalContainerEntityManagerFactoryBean [restartedMain] Initialized JPA EntityManagerFactory for persistence unit 'default'
2020-10-08 11:08:14,313 INFO o.s.s.c.ThreadPoolTaskExecutor [restartedMain] Initializing ExecutorService 'applicationTaskExecutor'
2020-10-08 11:08:14,842 INFO o.a.c.h.Http11NioProtocol [restartedMain] Starting ProtocolHandler ["http-nio-8092"]
2020-10-08 11:08:14,869 INFO c.m.b.BeetApplication [restartedMain] Started BeetApplication in 7.936 seconds (JVM running for 11.209)
2020-10-08 11:08:27,835 INFO o.a.c.c.C.[.[.[/] [http-nio-8092-exec-1] Initializing Spring DispatcherServlet 'dispatcherServlet'
2020-10-08 11:08:27,835 INFO o.s.w.s.DispatcherServlet [http-nio-8092-exec-1] Initializing Servlet 'dispatcherServlet'
2020-10-08 11:08:27,866 INFO o.s.w.s.DispatcherServlet [http-nio-8092-exec-1] Completed initialization in 30 ms
2020-10-08 11:08:28,042 INFO c.m.b.s.TransactionServiceImpl [http-nio-8092-exec-1] Transaction type: 2 ----- acc no: 1000000588606754,1000000522214053------ description: Mobile Top Up
2020-10-08 13:14:15,029 INFO c.m.b.BeetApplication [restartedMain] Starting BeetApplication on Sachith-PC- with PID 12896 (D:\IdeaProjects_2020\beet\beet\target\classes started by Sachith in D:\IdeaProjects_2020\beet\beet)
2020-10-08 13:14:15,052 INFO c.m.b.BeetApplication [restartedMain] No active profile set, falling back to default profiles: default
2020-10-08 13:14:16,734 INFO o.s.d.r.c.RepositoryConfigurationDelegate [restartedMain] Bootstrapping Spring Data repositories in DEFAULT mode.
2020-10-08 13:14:16,892 INFO o.s.d.r.c.RepositoryConfigurationDelegate [restartedMain] Finished Spring Data repository scanning in 146ms. Found 12 repository interfaces.
2020-10-08 13:14:17,392 INFO o.s.c.s.PostProcessorRegistrationDelegate$BeanPostProcessorChecker [restartedMain] Bean 'org.springframework.transaction.annotation.ProxyTransactionManagementConfiguration' of type [org.springframework.transaction.annotation.ProxyTransactionManagementConfiguration] is not eligible for getting processed by all BeanPostProcessors (for example: not eligible for auto-proxying)
2020-10-08 13:14:18,311 INFO o.a.c.h.Http11NioProtocol [restartedMain] Initializing ProtocolHandler ["http-nio-8092"]
2020-10-08 13:14:18,312 INFO o.a.c.c.StandardService [restartedMain] Starting service [Tomcat]
2020-10-08 13:14:18,312 INFO o.a.c.c.StandardEngine [restartedMain] Starting Servlet engine: [Apache Tomcat/9.0.27]
2020-10-08 13:14:18,479 INFO o.a.c.c.C.[.[.[/] [restartedMain] Initializing Spring embedded WebApplicationContext
2020-10-08 13:14:18,479 INFO o.s.w.c.ContextLoader [restartedMain] Root WebApplicationContext: initialization completed in 3286 ms
2020-10-08 13:14:18,841 INFO o.h.j.i.u.LogHelper [restartedMain] HHH000204: Processing PersistenceUnitInfo [name: default]
2020-10-08 13:14:18,981 INFO o.h.Version [restartedMain] HHH000412: Hibernate Core {5.4.8.Final}
2020-10-08 13:14:19,285 INFO o.h.a.c.Version [restartedMain] HCANN000001: Hibernate Commons Annotations {5.1.0.Final}
2020-10-08 13:14:19,464 INFO c.z.h.HikariDataSource [restartedMain] HikariPool-1 - Starting...
2020-10-08 13:14:19,466 WARN c.z.h.u.DriverDataSource [restartedMain] Registered driver with driverClassName=com.mysql.jdbc.Driver was not found, trying direct instantiation.
2020-10-08 13:14:19,762 INFO c.z.h.HikariDataSource [restartedMain] HikariPool-1 - Start completed.
2020-10-08 13:14:19,802 INFO o.h.d.Dialect [restartedMain] HHH000400: Using dialect: org.hibernate.dialect.MySQL57Dialect
2020-10-08 13:14:21,679 INFO o.h.e.t.j.p.i.JtaPlatformInitiator [restartedMain] HHH000490: Using JtaPlatform implementation: [org.hibernate.engine.transaction.jta.platform.internal.NoJtaPlatform]
2020-10-08 13:14:22,058 INFO o.s.o.j.LocalContainerEntityManagerFactoryBean [restartedMain] Initialized JPA EntityManagerFactory for persistence unit 'default'
2020-10-08 13:14:23,983 INFO o.s.s.c.ThreadPoolTaskExecutor [restartedMain] Initializing ExecutorService 'applicationTaskExecutor'
2020-10-08 13:14:24,535 INFO o.a.c.h.Http11NioProtocol [restartedMain] Starting ProtocolHandler ["http-nio-8092"]
2020-10-08 13:14:24,575 INFO c.m.b.BeetApplication [restartedMain] Started BeetApplication in 10.312 seconds (JVM running for 14.414)
2020-10-08 13:17:30,169 INFO o.a.c.c.C.[.[.[/] [http-nio-8092-exec-1] Initializing Spring DispatcherServlet 'dispatcherServlet'
2020-10-08 13:17:30,169 INFO o.s.w.s.DispatcherServlet [http-nio-8092-exec-1] Initializing Servlet 'dispatcherServlet'
2020-10-08 13:17:30,196 INFO o.s.w.s.DispatcherServlet [http-nio-8092-exec-1] Completed initialization in 27 ms
2020-10-16 06:55:07,252 INFO c.m.b.BeetApplication [restartedMain] Starting BeetApplication on LAPTOP-VR6ELOC6 with PID 4828 (D:\m_pay\beet\target\classes started by personal in D:\m_pay\beet)
2020-10-16 06:55:07,311 INFO c.m.b.BeetApplication [restartedMain] No active profile set, falling back to default profiles: default
2020-10-16 06:55:09,304 INFO o.s.d.r.c.RepositoryConfigurationDelegate [restartedMain] Bootstrapping Spring Data repositories in DEFAULT mode.
2020-10-16 06:55:09,563 INFO o.s.d.r.c.RepositoryConfigurationDelegate [restartedMain] Finished Spring Data repository scanning in 236ms. Found 12 repository interfaces.
2020-10-16 06:55:10,198 INFO o.s.c.s.PostProcessorRegistrationDelegate$BeanPostProcessorChecker [restartedMain] Bean 'org.springframework.transaction.annotation.ProxyTransactionManagementConfiguration' of type [org.springframework.transaction.annotation.ProxyTransactionManagementConfiguration] is not eligible for getting processed by all BeanPostProcessors (for example: not eligible for auto-proxying)
2020-10-16 06:55:10,957 INFO o.a.c.h.Http11NioProtocol [restartedMain] Initializing ProtocolHandler ["http-nio-8092"]
2020-10-16 06:55:10,959 INFO o.a.c.c.StandardService [restartedMain] Starting service [Tomcat]
2020-10-16 06:55:10,960 INFO o.a.c.c.StandardEngine [restartedMain] Starting Servlet engine: [Apache Tomcat/9.0.27]
2020-10-16 06:55:11,126 INFO o.a.c.c.C.[.[.[/] [restartedMain] Initializing Spring embedded WebApplicationContext
2020-10-16 06:55:11,127 INFO o.s.w.c.ContextLoader [restartedMain] Root WebApplicationContext: initialization completed in 3405 ms
2020-10-16 06:55:11,631 INFO o.h.j.i.u.LogHelper [restartedMain] HHH000204: Processing PersistenceUnitInfo [name: default]
2020-10-16 06:55:11,818 INFO o.h.Version [restartedMain] HHH000412: Hibernate Core {5.4.8.Final}
2020-10-16 06:55:12,071 INFO o.h.a.c.Version [restartedMain] HCANN000001: Hibernate Commons Annotations {5.1.0.Final}
2020-10-16 06:55:12,251 INFO c.z.h.HikariDataSource [restartedMain] HikariPool-1 - Starting...
2020-10-16 06:55:12,255 WARN c.z.h.u.DriverDataSource [restartedMain] Registered driver with driverClassName=com.mysql.jdbc.Driver was not found, trying direct instantiation.
2020-10-16 06:55:12,470 ERROR c.z.h.p.HikariPool [restartedMain] HikariPool-1 - Exception during pool initialization.
java.sql.SQLException: Access denied for user 'root'@'localhost' (using password: YES)
	at com.mysql.cj.jdbc.exceptions.SQLError.createSQLException(SQLError.java:129) ~[mysql-connector-java-8.0.18.jar:8.0.18]
	at com.mysql.cj.jdbc.exceptions.SQLError.createSQLException(SQLError.java:97) ~[mysql-connector-java-8.0.18.jar:8.0.18]
	at com.mysql.cj.jdbc.exceptions.SQLExceptionsMapping.translateException(SQLExceptionsMapping.java:122) ~[mysql-connector-java-8.0.18.jar:8.0.18]
	at com.mysql.cj.jdbc.ConnectionImpl.createNewIO(ConnectionImpl.java:836) ~[mysql-connector-java-8.0.18.jar:8.0.18]
	at com.mysql.cj.jdbc.ConnectionImpl.<init>(ConnectionImpl.java:456) ~[mysql-connector-java-8.0.18.jar:8.0.18]
	at com.mysql.cj.jdbc.ConnectionImpl.getInstance(ConnectionImpl.java:246) ~[mysql-connector-java-8.0.18.jar:8.0.18]
	at com.mysql.cj.jdbc.NonRegisteringDriver.connect(NonRegisteringDriver.java:199) ~[mysql-connector-java-8.0.18.jar:8.0.18]
	at com.zaxxer.hikari.util.DriverDataSource.getConnection(DriverDataSource.java:138) ~[HikariCP-3.4.1.jar:?]
	at com.zaxxer.hikari.pool.PoolBase.newConnection(PoolBase.java:353) ~[HikariCP-3.4.1.jar:?]
	at com.zaxxer.hikari.pool.PoolBase.newPoolEntry(PoolBase.java:201) ~[HikariCP-3.4.1.jar:?]
	at com.zaxxer.hikari.pool.HikariPool.createPoolEntry(HikariPool.java:473) ~[HikariCP-3.4.1.jar:?]
	at com.zaxxer.hikari.pool.HikariPool.checkFailFast(HikariPool.java:562) ~[HikariCP-3.4.1.jar:?]
	at com.zaxxer.hikari.pool.HikariPool.<init>(HikariPool.java:115) ~[HikariCP-3.4.1.jar:?]
	at com.zaxxer.hikari.HikariDataSource.getConnection(HikariDataSource.java:112) ~[HikariCP-3.4.1.jar:?]
	at org.hibernate.engine.jdbc.connections.internal.DatasourceConnectionProviderImpl.getConnection(DatasourceConnectionProviderImpl.java:122) ~[hibernate-core-5.4.8.Final.jar:5.4.8.Final]
	at org.hibernate.engine.jdbc.env.internal.JdbcEnvironmentInitiator$ConnectionProviderJdbcConnectionAccess.obtainConnection(JdbcEnvironmentInitiator.java:180) ~[hibernate-core-5.4.8.Final.jar:5.4.8.Final]
	at org.hibernate.engine.jdbc.env.internal.JdbcEnvironmentInitiator.initiateService(JdbcEnvironmentInitiator.java:68) ~[hibernate-core-5.4.8.Final.jar:5.4.8.Final]
	at org.hibernate.engine.jdbc.env.internal.JdbcEnvironmentInitiator.initiateService(JdbcEnvironmentInitiator.java:35) ~[hibernate-core-5.4.8.Final.jar:5.4.8.Final]
	at org.hibernate.boot.registry.internal.StandardServiceRegistryImpl.initiateService(StandardServiceRegistryImpl.java:101) ~[hibernate-core-5.4.8.Final.jar:5.4.8.Final]
	at org.hibernate.service.internal.AbstractServiceRegistryImpl.createService(AbstractServiceRegistryImpl.java:263) ~[hibernate-core-5.4.8.Final.jar:5.4.8.Final]
	at org.hibernate.service.internal.AbstractServiceRegistryImpl.initializeService(AbstractServiceRegistryImpl.java:237) ~[hibernate-core-5.4.8.Final.jar:5.4.8.Final]
	at org.hibernate.service.internal.AbstractServiceRegistryImpl.getService(AbstractServiceRegistryImpl.java:214) ~[hibernate-core-5.4.8.Final.jar:5.4.8.Final]
	at org.hibernate.id.factory.internal.DefaultIdentifierGeneratorFactory.injectServices(DefaultIdentifierGeneratorFactory.java:152) ~[hibernate-core-5.4.8.Final.jar:5.4.8.Final]
	at org.hibernate.service.internal.AbstractServiceRegistryImpl.injectDependencies(AbstractServiceRegistryImpl.java:286) ~[hibernate-core-5.4.8.Final.jar:5.4.8.Final]
	at org.hibernate.service.internal.AbstractServiceRegistryImpl.initializeService(AbstractServiceRegistryImpl.java:243) ~[hibernate-core-5.4.8.Final.jar:5.4.8.Final]
	at org.hibernate.service.internal.AbstractServiceRegistryImpl.getService(AbstractServiceRegistryImpl.java:214) ~[hibernate-core-5.4.8.Final.jar:5.4.8.Final]
	at org.hibernate.boot.internal.InFlightMetadataCollectorImpl.<init>(InFlightMetadataCollectorImpl.java:175) ~[hibernate-core-5.4.8.Final.jar:5.4.8.Final]
	at org.hibernate.boot.model.process.spi.MetadataBuildingProcess.complete(MetadataBuildingProcess.java:118) ~[hibernate-core-5.4.8.Final.jar:5.4.8.Final]
	at org.hibernate.jpa.boot.internal.EntityManagerFactoryBuilderImpl.metadata(EntityManagerFactoryBuilderImpl.java:1214) ~[hibernate-core-5.4.8.Final.jar:5.4.8.Final]
	at org.hibernate.jpa.boot.internal.EntityManagerFactoryBuilderImpl.build(EntityManagerFactoryBuilderImpl.java:1245) ~[hibernate-core-5.4.8.Final.jar:5.4.8.Final]
	at org.springframework.orm.jpa.vendor.SpringHibernateJpaPersistenceProvider.createContainerEntityManagerFactory(SpringHibernateJpaPersistenceProvider.java:58) ~[spring-orm-5.2.1.RELEASE.jar:5.2.1.RELEASE]
	at org.springframework.orm.jpa.LocalContainerEntityManagerFactoryBean.createNativeEntityManagerFactory(LocalContainerEntityManagerFactoryBean.java:365) ~[spring-orm-5.2.1.RELEASE.jar:5.2.1.RELEASE]
	at org.springframework.orm.jpa.AbstractEntityManagerFactoryBean.buildNativeEntityManagerFactory(AbstractEntityManagerFactoryBean.java:391) ~[spring-orm-5.2.1.RELEASE.jar:5.2.1.RELEASE]
	at org.springframework.orm.jpa.AbstractEntityManagerFactoryBean.afterPropertiesSet(AbstractEntityManagerFactoryBean.java:378) ~[spring-orm-5.2.1.RELEASE.jar:5.2.1.RELEASE]
	at org.springframework.orm.jpa.LocalContainerEntityManagerFactoryBean.afterPropertiesSet(LocalContainerEntityManagerFactoryBean.java:341) ~[spring-orm-5.2.1.RELEASE.jar:5.2.1.RELEASE]
	at org.springframework.beans.factory.support.AbstractAutowireCapableBeanFactory.invokeInitMethods(AbstractAutowireCapableBeanFactory.java:1862) ~[spring-beans-5.2.1.RELEASE.jar:5.2.1.RELEASE]
	at org.springframework.beans.factory.support.AbstractAutowireCapableBeanFactory.initializeBean(AbstractAutowireCapableBeanFactory.java:1799) ~[spring-beans-5.2.1.RELEASE.jar:5.2.1.RELEASE]
	at org.springframework.beans.factory.support.AbstractAutowireCapableBeanFactory.doCreateBean(AbstractAutowireCapableBeanFactory.java:595) ~[spring-beans-5.2.1.RELEASE.jar:5.2.1.RELEASE]
	at org.springframework.beans.factory.support.AbstractAutowireCapableBeanFactory.createBean(AbstractAutowireCapableBeanFactory.java:517) ~[spring-beans-5.2.1.RELEASE.jar:5.2.1.RELEASE]
	at org.springframework.beans.factory.support.AbstractBeanFactory.lambda$doGetBean$0(AbstractBeanFactory.java:323) ~[spring-beans-5.2.1.RELEASE.jar:5.2.1.RELEASE]
	at org.springframework.beans.factory.support.DefaultSingletonBeanRegistry.getSingleton(DefaultSingletonBeanRegistry.java:222) [spring-beans-5.2.1.RELEASE.jar:5.2.1.RELEASE]
	at org.springframework.beans.factory.support.AbstractBeanFactory.doGetBean(AbstractBeanFactory.java:321) [spring-beans-5.2.1.RELEASE.jar:5.2.1.RELEASE]
	at org.springframework.beans.factory.support.AbstractBeanFactory.getBean(AbstractBeanFactory.java:202) [spring-beans-5.2.1.RELEASE.jar:5.2.1.RELEASE]
	at org.springframework.context.support.AbstractApplicationContext.getBean(AbstractApplicationContext.java:1108) [spring-context-5.2.1.RELEASE.jar:5.2.1.RELEASE]
	at org.springframework.context.support.AbstractApplicationContext.finishBeanFactoryInitialization(AbstractApplicationContext.java:868) [spring-context-5.2.1.RELEASE.jar:5.2.1.RELEASE]
	at org.springframework.context.support.AbstractApplicationContext.refresh(AbstractApplicationContext.java:550) [spring-context-5.2.1.RELEASE.jar:5.2.1.RELEASE]
	at org.springframework.boot.web.servlet.context.ServletWebServerApplicationContext.refresh(ServletWebServerApplicationContext.java:141) [spring-boot-2.2.1.RELEASE.jar:2.2.1.RELEASE]
	at org.springframework.boot.SpringApplication.refresh(SpringApplication.java:747) [spring-boot-2.2.1.RELEASE.jar:2.2.1.RELEASE]
	at org.springframework.boot.SpringApplication.refreshContext(SpringApplication.java:397) [spring-boot-2.2.1.RELEASE.jar:2.2.1.RELEASE]
	at org.springframework.boot.SpringApplication.run(SpringApplication.java:315) [spring-boot-2.2.1.RELEASE.jar:2.2.1.RELEASE]
	at org.springframework.boot.SpringApplication.run(SpringApplication.java:1226) [spring-boot-2.2.1.RELEASE.jar:2.2.1.RELEASE]
	at org.springframework.boot.SpringApplication.run(SpringApplication.java:1215) [spring-boot-2.2.1.RELEASE.jar:2.2.1.RELEASE]
	at com.mobios.beet.BeetApplication.main(BeetApplication.java:12) [classes/:?]
	at sun.reflect.NativeMethodAccessorImpl.invoke0(Native Method) ~[?:1.8.0_101]
	at sun.reflect.NativeMethodAccessorImpl.invoke(Unknown Source) ~[?:1.8.0_101]
	at sun.reflect.DelegatingMethodAccessorImpl.invoke(Unknown Source) ~[?:1.8.0_101]
	at java.lang.reflect.Method.invoke(Unknown Source) ~[?:1.8.0_101]
	at org.springframework.boot.devtools.restart.RestartLauncher.run(RestartLauncher.java:49) [spring-boot-devtools-2.2.1.RELEASE.jar:2.2.1.RELEASE]
2020-10-16 06:55:12,481 WARN o.h.e.j.e.i.JdbcEnvironmentInitiator [restartedMain] HHH000342: Could not obtain connection to query metadata : Access denied for user 'root'@'localhost' (using password: YES)
2020-10-16 06:55:12,512 INFO o.a.c.c.StandardService [restartedMain] Stopping service [Tomcat]
2020-10-16 06:56:16,153 INFO c.m.b.BeetApplication [restartedMain] Starting BeetApplication on LAPTOP-VR6ELOC6 with PID 4940 (D:\m_pay\beet\target\classes started by personal in D:\m_pay\beet)
2020-10-16 06:56:16,169 INFO c.m.b.BeetApplication [restartedMain] No active profile set, falling back to default profiles: default
2020-10-16 06:56:17,443 INFO o.s.d.r.c.RepositoryConfigurationDelegate [restartedMain] Bootstrapping Spring Data repositories in DEFAULT mode.
2020-10-16 06:56:17,649 INFO o.s.d.r.c.RepositoryConfigurationDelegate [restartedMain] Finished Spring Data repository scanning in 193ms. Found 12 repository interfaces.
2020-10-16 06:56:18,201 INFO o.s.c.s.PostProcessorRegistrationDelegate$BeanPostProcessorChecker [restartedMain] Bean 'org.springframework.transaction.annotation.ProxyTransactionManagementConfiguration' of type [org.springframework.transaction.annotation.ProxyTransactionManagementConfiguration] is not eligible for getting processed by all BeanPostProcessors (for example: not eligible for auto-proxying)
2020-10-16 06:56:18,914 INFO o.a.c.h.Http11NioProtocol [restartedMain] Initializing ProtocolHandler ["http-nio-8092"]
2020-10-16 06:56:18,916 INFO o.a.c.c.StandardService [restartedMain] Starting service [Tomcat]
2020-10-16 06:56:18,917 INFO o.a.c.c.StandardEngine [restartedMain] Starting Servlet engine: [Apache Tomcat/9.0.27]
2020-10-16 06:56:19,063 INFO o.a.c.c.C.[.[.[/] [restartedMain] Initializing Spring embedded WebApplicationContext
2020-10-16 06:56:19,064 INFO o.s.w.c.ContextLoader [restartedMain] Root WebApplicationContext: initialization completed in 2818 ms
2020-10-16 06:56:19,456 INFO o.h.j.i.u.LogHelper [restartedMain] HHH000204: Processing PersistenceUnitInfo [name: default]
2020-10-16 06:56:19,565 INFO o.h.Version [restartedMain] HHH000412: Hibernate Core {5.4.8.Final}
2020-10-16 06:56:19,749 INFO o.h.a.c.Version [restartedMain] HCANN000001: Hibernate Commons Annotations {5.1.0.Final}
2020-10-16 06:56:19,895 INFO c.z.h.HikariDataSource [restartedMain] HikariPool-1 - Starting...
2020-10-16 06:56:19,898 WARN c.z.h.u.DriverDataSource [restartedMain] Registered driver with driverClassName=com.mysql.jdbc.Driver was not found, trying direct instantiation.
2020-10-16 06:56:20,193 INFO c.z.h.HikariDataSource [restartedMain] HikariPool-1 - Start completed.
2020-10-16 06:56:20,227 INFO o.h.d.Dialect [restartedMain] HHH000400: Using dialect: org.hibernate.dialect.MySQL57Dialect
2020-10-16 06:56:22,748 INFO o.h.e.t.j.p.i.JtaPlatformInitiator [restartedMain] HHH000490: Using JtaPlatform implementation: [org.hibernate.engine.transaction.jta.platform.internal.NoJtaPlatform]
2020-10-16 06:56:22,977 INFO o.s.o.j.LocalContainerEntityManagerFactoryBean [restartedMain] Initialized JPA EntityManagerFactory for persistence unit 'default'
2020-10-16 06:56:25,795 INFO o.s.s.c.ThreadPoolTaskExecutor [restartedMain] Initializing ExecutorService 'applicationTaskExecutor'
2020-10-16 06:56:26,516 INFO o.a.c.h.Http11NioProtocol [restartedMain] Starting ProtocolHandler ["http-nio-8092"]
2020-10-16 06:56:26,556 INFO c.m.b.BeetApplication [restartedMain] Started BeetApplication in 11.07 seconds (JVM running for 13.806)
2020-10-16 06:56:59,912 INFO o.s.s.c.ThreadPoolTaskExecutor [RMI TCP Connection(2)-127.0.0.1] Shutting down ExecutorService 'applicationTaskExecutor'
2020-10-16 06:56:59,918 INFO o.s.o.j.LocalContainerEntityManagerFactoryBean [RMI TCP Connection(2)-127.0.0.1] Closing JPA EntityManagerFactory for persistence unit 'default'
2020-10-16 06:56:59,924 INFO c.z.h.HikariDataSource [RMI TCP Connection(2)-127.0.0.1] HikariPool-1 - Shutdown initiated...
2020-10-16 06:56:59,942 INFO c.z.h.HikariDataSource [RMI TCP Connection(2)-127.0.0.1] HikariPool-1 - Shutdown completed.
2020-10-16 06:58:48,133 INFO c.m.b.BeetApplication [restartedMain] Starting BeetApplication on LAPTOP-VR6ELOC6 with PID 2772 (D:\m_pay\beet\target\classes started by personal in D:\m_pay\beet)
2020-10-16 06:58:48,154 INFO c.m.b.BeetApplication [restartedMain] No active profile set, falling back to default profiles: default
2020-10-16 06:58:49,817 INFO o.s.d.r.c.RepositoryConfigurationDelegate [restartedMain] Bootstrapping Spring Data repositories in DEFAULT mode.
2020-10-16 06:58:50,050 INFO o.s.d.r.c.RepositoryConfigurationDelegate [restartedMain] Finished Spring Data repository scanning in 219ms. Found 12 repository interfaces.
2020-10-16 06:58:50,846 INFO o.s.c.s.PostProcessorRegistrationDelegate$BeanPostProcessorChecker [restartedMain] Bean 'org.springframework.transaction.annotation.ProxyTransactionManagementConfiguration' of type [org.springframework.transaction.annotation.ProxyTransactionManagementConfiguration] is not eligible for getting processed by all BeanPostProcessors (for example: not eligible for auto-proxying)
2020-10-16 06:58:51,615 INFO o.a.c.h.Http11NioProtocol [restartedMain] Initializing ProtocolHandler ["http-nio-8092"]
2020-10-16 06:58:51,616 INFO o.a.c.c.StandardService [restartedMain] Starting service [Tomcat]
2020-10-16 06:58:51,618 INFO o.a.c.c.StandardEngine [restartedMain] Starting Servlet engine: [Apache Tomcat/9.0.27]
2020-10-16 06:58:51,772 INFO o.a.c.c.C.[.[.[/] [restartedMain] Initializing Spring embedded WebApplicationContext
2020-10-16 06:58:51,772 INFO o.s.w.c.ContextLoader [restartedMain] Root WebApplicationContext: initialization completed in 3547 ms
2020-10-16 06:58:52,154 INFO o.h.j.i.u.LogHelper [restartedMain] HHH000204: Processing PersistenceUnitInfo [name: default]
2020-10-16 06:58:52,287 INFO o.h.Version [restartedMain] HHH000412: Hibernate Core {5.4.8.Final}
2020-10-16 06:58:52,474 INFO o.h.a.c.Version [restartedMain] HCANN000001: Hibernate Commons Annotations {5.1.0.Final}
2020-10-16 06:58:52,620 INFO c.z.h.HikariDataSource [restartedMain] HikariPool-1 - Starting...
2020-10-16 06:58:52,623 WARN c.z.h.u.DriverDataSource [restartedMain] Registered driver with driverClassName=com.mysql.jdbc.Driver was not found, trying direct instantiation.
2020-10-16 06:58:52,839 INFO c.z.h.HikariDataSource [restartedMain] HikariPool-1 - Start completed.
2020-10-16 06:58:52,866 INFO o.h.d.Dialect [restartedMain] HHH000400: Using dialect: org.hibernate.dialect.MySQL57Dialect
2020-10-16 06:58:54,346 INFO o.h.e.t.j.p.i.JtaPlatformInitiator [restartedMain] HHH000490: Using JtaPlatform implementation: [org.hibernate.engine.transaction.jta.platform.internal.NoJtaPlatform]
2020-10-16 06:58:54,546 INFO o.s.o.j.LocalContainerEntityManagerFactoryBean [restartedMain] Initialized JPA EntityManagerFactory for persistence unit 'default'
2020-10-16 06:58:57,176 INFO o.s.s.c.ThreadPoolTaskExecutor [restartedMain] Initializing ExecutorService 'applicationTaskExecutor'
2020-10-16 06:58:57,882 INFO o.a.c.h.Http11NioProtocol [restartedMain] Starting ProtocolHandler ["http-nio-8092"]
2020-10-16 06:58:57,921 INFO c.m.b.BeetApplication [restartedMain] Started BeetApplication in 10.525 seconds (JVM running for 13.602)
2020-10-16 07:01:08,122 INFO o.a.c.c.C.[.[.[/] [http-nio-8092-exec-2] Initializing Spring DispatcherServlet 'dispatcherServlet'
2020-10-16 07:01:08,122 INFO o.s.w.s.DispatcherServlet [http-nio-8092-exec-2] Initializing Servlet 'dispatcherServlet'
2020-10-16 07:01:08,165 INFO o.s.w.s.DispatcherServlet [http-nio-8092-exec-2] Completed initialization in 43 ms
2020-10-16 07:26:16,171 WARN c.z.h.p.HikariPool [HikariPool-1 housekeeper] HikariPool-1 - Thread starvation or clock leap detected (housekeeper delta=5m22s861ms528s800ns).
2020-10-16 07:37:33,695 INFO o.s.s.c.ThreadPoolTaskExecutor [Thread-5] Shutting down ExecutorService 'applicationTaskExecutor'
2020-10-16 07:37:33,706 INFO o.s.o.j.LocalContainerEntityManagerFactoryBean [Thread-5] Closing JPA EntityManagerFactory for persistence unit 'default'
2020-10-16 07:37:33,713 INFO c.z.h.HikariDataSource [Thread-5] HikariPool-1 - Shutdown initiated...
2020-10-16 07:37:33,879 INFO c.z.h.HikariDataSource [Thread-5] HikariPool-1 - Shutdown completed.
2020-10-16 07:37:35,745 INFO c.m.b.BeetApplication [restartedMain] Starting BeetApplication on LAPTOP-VR6ELOC6 with PID 2772 (D:\m_pay\beet\target\classes started by personal in D:\m_pay\beet)
2020-10-16 07:37:35,747 INFO c.m.b.BeetApplication [restartedMain] No active profile set, falling back to default profiles: default
2020-10-16 07:37:36,259 INFO o.s.d.r.c.RepositoryConfigurationDelegate [restartedMain] Bootstrapping Spring Data repositories in DEFAULT mode.
2020-10-16 07:37:36,352 INFO o.s.d.r.c.RepositoryConfigurationDelegate [restartedMain] Finished Spring Data repository scanning in 91ms. Found 12 repository interfaces.
2020-10-16 07:37:36,482 INFO o.s.c.s.PostProcessorRegistrationDelegate$BeanPostProcessorChecker [restartedMain] Bean 'org.springframework.transaction.annotation.ProxyTransactionManagementConfiguration' of type [org.springframework.transaction.annotation.ProxyTransactionManagementConfiguration] is not eligible for getting processed by all BeanPostProcessors (for example: not eligible for auto-proxying)
2020-10-16 07:37:36,564 WARN o.a.t.u.m.Registry [restartedMain] The MBean registry cannot be disabled because it has already been initialised
2020-10-16 07:37:36,712 INFO o.a.c.h.Http11NioProtocol [restartedMain] Initializing ProtocolHandler ["http-nio-8092"]
2020-10-16 07:37:36,713 INFO o.a.c.c.StandardService [restartedMain] Starting service [Tomcat]
2020-10-16 07:37:36,713 INFO o.a.c.c.StandardEngine [restartedMain] Starting Servlet engine: [Apache Tomcat/9.0.27]
2020-10-16 07:37:36,744 INFO o.a.c.c.C.[.[.[/] [restartedMain] Initializing Spring embedded WebApplicationContext
2020-10-16 07:37:36,745 INFO o.s.w.c.ContextLoader [restartedMain] Root WebApplicationContext: initialization completed in 980 ms
2020-10-16 07:37:36,846 INFO o.h.j.i.u.LogHelper [restartedMain] HHH000204: Processing PersistenceUnitInfo [name: default]
2020-10-16 07:37:36,854 INFO c.z.h.HikariDataSource [restartedMain] HikariPool-2 - Starting...
2020-10-16 07:37:36,855 WARN c.z.h.u.DriverDataSource [restartedMain] Registered driver with driverClassName=com.mysql.jdbc.Driver was not found, trying direct instantiation.
2020-10-16 07:37:36,861 INFO c.z.h.HikariDataSource [restartedMain] HikariPool-2 - Start completed.
2020-10-16 07:37:36,862 INFO o.h.d.Dialect [restartedMain] HHH000400: Using dialect: org.hibernate.dialect.MySQL57Dialect
2020-10-16 07:37:38,725 INFO o.h.e.t.j.p.i.JtaPlatformInitiator [restartedMain] HHH000490: Using JtaPlatform implementation: [org.hibernate.engine.transaction.jta.platform.internal.NoJtaPlatform]
2020-10-16 07:37:38,915 INFO o.s.o.j.LocalContainerEntityManagerFactoryBean [restartedMain] Initialized JPA EntityManagerFactory for persistence unit 'default'
2020-10-16 07:37:41,472 INFO o.s.s.c.ThreadPoolTaskExecutor [restartedMain] Initializing ExecutorService 'applicationTaskExecutor'
2020-10-16 07:37:42,102 INFO o.a.c.h.Http11NioProtocol [restartedMain] Starting ProtocolHandler ["http-nio-8092"]
2020-10-16 07:37:42,116 INFO c.m.b.BeetApplication [restartedMain] Started BeetApplication in 6.504 seconds (JVM running for 2337.799)
2020-10-16 07:37:42,127 INFO o.s.s.c.ThreadPoolTaskExecutor [RMI TCP Connection(2)-127.0.0.1] Shutting down ExecutorService 'applicationTaskExecutor'
2020-10-16 07:37:42,136 INFO o.s.o.j.LocalContainerEntityManagerFactoryBean [RMI TCP Connection(2)-127.0.0.1] Closing JPA EntityManagerFactory for persistence unit 'default'
2020-10-16 07:37:42,139 INFO c.z.h.HikariDataSource [RMI TCP Connection(2)-127.0.0.1] HikariPool-2 - Shutdown initiated...
2020-10-16 07:37:42,182 INFO c.z.h.HikariDataSource [RMI TCP Connection(2)-127.0.0.1] HikariPool-2 - Shutdown completed.
2020-10-16 09:40:44,477 INFO c.m.b.BeetApplication [restartedMain] Starting BeetApplication on LAPTOP-VR6ELOC6 with PID 7448 (D:\m_pay\beet\target\classes started by personal in D:\m_pay\beet)
2020-10-16 09:40:44,715 INFO c.m.b.BeetApplication [restartedMain] No active profile set, falling back to default profiles: default
2020-10-16 09:40:46,941 INFO o.s.d.r.c.RepositoryConfigurationDelegate [restartedMain] Bootstrapping Spring Data repositories in DEFAULT mode.
2020-10-16 09:40:47,297 INFO o.s.d.r.c.RepositoryConfigurationDelegate [restartedMain] Finished Spring Data repository scanning in 333ms. Found 12 repository interfaces.
2020-10-16 09:40:47,982 INFO o.s.c.s.PostProcessorRegistrationDelegate$BeanPostProcessorChecker [restartedMain] Bean 'org.springframework.transaction.annotation.ProxyTransactionManagementConfiguration' of type [org.springframework.transaction.annotation.ProxyTransactionManagementConfiguration] is not eligible for getting processed by all BeanPostProcessors (for example: not eligible for auto-proxying)
2020-10-16 09:40:49,119 INFO o.a.c.h.Http11NioProtocol [restartedMain] Initializing ProtocolHandler ["http-nio-8092"]
2020-10-16 09:40:49,120 INFO o.a.c.c.StandardService [restartedMain] Starting service [Tomcat]
2020-10-16 09:40:49,122 INFO o.a.c.c.StandardEngine [restartedMain] Starting Servlet engine: [Apache Tomcat/9.0.27]
2020-10-16 09:40:49,346 INFO o.a.c.c.C.[.[.[/] [restartedMain] Initializing Spring embedded WebApplicationContext
2020-10-16 09:40:49,346 INFO o.s.w.c.ContextLoader [restartedMain] Root WebApplicationContext: initialization completed in 4398 ms
2020-10-16 09:40:49,873 INFO o.h.j.i.u.LogHelper [restartedMain] HHH000204: Processing PersistenceUnitInfo [name: default]
2020-10-16 09:40:50,041 INFO o.h.Version [restartedMain] HHH000412: Hibernate Core {5.4.8.Final}
2020-10-16 09:40:50,375 INFO o.h.a.c.Version [restartedMain] HCANN000001: Hibernate Commons Annotations {5.1.0.Final}
2020-10-16 09:40:50,648 INFO c.z.h.HikariDataSource [restartedMain] HikariPool-1 - Starting...
2020-10-16 09:40:50,651 WARN c.z.h.u.DriverDataSource [restartedMain] Registered driver with driverClassName=com.mysql.jdbc.Driver was not found, trying direct instantiation.
2020-10-16 09:40:50,950 INFO c.z.h.HikariDataSource [restartedMain] HikariPool-1 - Start completed.
2020-10-16 09:40:50,994 INFO o.h.d.Dialect [restartedMain] HHH000400: Using dialect: org.hibernate.dialect.MySQL57Dialect
2020-10-16 09:40:53,648 INFO o.h.e.t.j.p.i.JtaPlatformInitiator [restartedMain] HHH000490: Using JtaPlatform implementation: [org.hibernate.engine.transaction.jta.platform.internal.NoJtaPlatform]
2020-10-16 09:40:53,978 INFO o.s.o.j.LocalContainerEntityManagerFactoryBean [restartedMain] Initialized JPA EntityManagerFactory for persistence unit 'default'
2020-10-16 09:40:58,718 INFO o.s.s.c.ThreadPoolTaskExecutor [restartedMain] Initializing ExecutorService 'applicationTaskExecutor'
2020-10-16 09:40:59,809 INFO o.a.c.h.Http11NioProtocol [restartedMain] Starting ProtocolHandler ["http-nio-8092"]
2020-10-16 09:40:59,884 INFO c.m.b.BeetApplication [restartedMain] Started BeetApplication in 16.311 seconds (JVM running for 19.974)
2020-10-16 09:42:18,752 INFO o.a.c.c.C.[.[.[/] [http-nio-8092-exec-2] Initializing Spring DispatcherServlet 'dispatcherServlet'
2020-10-16 09:42:18,753 INFO o.s.w.s.DispatcherServlet [http-nio-8092-exec-2] Initializing Servlet 'dispatcherServlet'
2020-10-16 09:42:18,804 INFO o.s.w.s.DispatcherServlet [http-nio-8092-exec-2] Completed initialization in 50 ms
2020-10-16 10:59:00,410 INFO o.s.s.c.ThreadPoolTaskExecutor [RMI TCP Connection(2)-127.0.0.1] Shutting down ExecutorService 'applicationTaskExecutor'
2020-10-16 10:59:00,418 INFO o.s.o.j.LocalContainerEntityManagerFactoryBean [RMI TCP Connection(2)-127.0.0.1] Closing JPA EntityManagerFactory for persistence unit 'default'
2020-10-16 10:59:00,425 INFO c.z.h.HikariDataSource [RMI TCP Connection(2)-127.0.0.1] HikariPool-1 - Shutdown initiated...
2020-10-16 10:59:00,433 INFO c.z.h.HikariDataSource [RMI TCP Connection(2)-127.0.0.1] HikariPool-1 - Shutdown completed.
